<?xml version="1.0" encoding="UTF-8"?>
<testng-results skipped="0" failed="0" ignored="0" total="1" passed="1">
  <reporter-output>
  </reporter-output>
  <suite name="Default suite" duration-ms="123886" started-at="2021-05-30T18:38:22 IST" finished-at="2021-05-30T18:40:26 IST">
    <groups>
    </groups>
    <test name="Default test" duration-ms="123886" started-at="2021-05-30T18:38:22 IST" finished-at="2021-05-30T18:40:26 IST">
      <class name="example.NewTest">
        <test-method status="PASS" signature="beforeTest()[pri:0, instance:example.NewTest@32d2fa64]" name="beforeTest" is-config="true" duration-ms="3014" started-at="2021-05-30T18:38:22 IST" finished-at="2021-05-30T18:38:25 IST">
          <reporter-output>
          </reporter-output>
        </test-method> <!-- beforeTest -->
        <test-method status="PASS" signature="testEasy()[pri:0, instance:example.NewTest@32d2fa64]" name="testEasy" duration-ms="119562" started-at="2021-05-30T18:38:25 IST" finished-at="2021-05-30T18:40:25 IST">
          <reporter-output>
          </reporter-output>
        </test-method> <!-- testEasy -->
        <test-method status="PASS" signature="afterTest()[pri:0, instance:example.NewTest@32d2fa64]" name="afterTest" is-config="true" duration-ms="1241" started-at="2021-05-30T18:40:25 IST" finished-at="2021-05-30T18:40:26 IST">
          <reporter-output>
          </reporter-output>
        </test-method> <!-- afterTest -->
      </class> <!-- example.NewTest -->
    </test> <!-- Default test -->
  </suite> <!-- Default suite -->
</testng-results>
